


ARM Macro Assembler    Page 1 


    1 00000000                 AREA             player, CODE, READWRITE
    2 00000000                 extern           read_character
    3 00000000                 extern           output_character
    4 00000000                 extern           read_string
    5 00000000                 extern           output_string
    6 00000000                 extern           RPG_WHITE
    7 00000000                 EXPORT           spawn_player
    8 00000000                 EXPORT           move_right
    9 00000000                 EXPORT           player_setup
   10 00000000                 EXPORT           move_left
   11 00000000                 EXPORT           current_position
   12 00000000                 EXPORT           player1
   13 00000000 7C 20 20 
              20 20 20 
              20 20 20 
              20 20 41 
              20 20 20 
              20 20 20 
              20 20 20 
              20 7C 20 
              20 00    player1 =                0x7C,0x20,0x20,0x20,0x20,0x20,0
x20,0x20,0x20,0x20,0x20,0x41,0x20,0x20,0x20,0x20,0x20,0x20,0x20,0x20,0x20,0x20,
0x7C,0x20,0x20,0x00
   14 0000001A         
   15 0000001A 00 00           ALIGN
   16 0000001C         
   17 0000001C 0B      current_position
                               =                0xB         ;
   18 0000001D 00 00 00        ALIGN
   19 00000020         ;the aircraft started at middle position 10
   20 00000020         ;GBLA    current_position
   21 00000020         ;current_position   SETA    11
   22 00000020         
   23 00000020         
   24 00000020         
   25 00000020         ;r3 is global variable for player position, dont change 
                       it
   26 00000020         ;set the starting position as 10 in the middle
   27 00000020         player_setup
   28 00000020 E92D4000        STMFD            SP!,{lr}    ;
   29 00000024 E59F3090        ldr              r3,=current_position ;
   30 00000028 E8BD4000        LDMFD            SP!, {lr}
   31 0000002C E12FFF1E        BX               lr
   32 00000030         
   33 00000030         ; ***************************
   34 00000030         ; spawn_player
   35 00000030         ; ARGS  : NONE
   36 00000030         ; RETURN: NONE
   37 00000030         ; ***************************
   38 00000030         ;SPAWN THE aircraft AT THE MIDDLE.
   39 00000030         spawn_player
   40 00000030 E92D4000        STMFD            SP!,{lr}    ;
   41 00000034 E59F2084        ldr              r2 ,= player1 ;
   42 00000038 EBFFFFFE        bl               output_string
   43 0000003C E8BD4000        LDMFD            SP!, {lr}
   44 00000040 E12FFF1E        BX               lr
   45 00000044         
   46 00000044         
   47 00000044         ; ***************************



ARM Macro Assembler    Page 2 


   48 00000044         ; move_right
   49 00000044         ; ARGS  : NONE
   50 00000044         ; RETURN: NONE
   51 00000044         ;
   52 00000044         ; ***************************
   53 00000044         ;move the aircraft 1 unit to the right
   54 00000044         move_right
   55 00000044 E92D4038        STMFD            SP!,{r4,r5,r3,lr} ;
   56 00000048 E59F406C        ldr              r4,=current_position
   57 0000004C E5D43000        ldrb             r3,[r4]
   58 00000050 E3530015        cmp              r3,#21      ;
   59 00000054 0A000007        beq              no_right_move ;
   60 00000058 E59F4060        ldr              r4,= player1 ;
   61 0000005C E3A05020        mov              r5,#0x20    ;
   62 00000060 E7C45003        strb             r5,[r4,r3]  ;
   63 00000064 E3A05041        mov              r5,#0x41    ;
   64 00000068 E2833001        add              r3,#1       ;
   65 0000006C E7C45003        strb             r5,[r4,r3]  ;
   66 00000070 E59F5044        ldr              r5, =current_position
   67 00000074 E5853000        str              r3,[r5]
   68 00000078         no_right_move
   69 00000078         
   70 00000078 E8BD4038        LDMFD            SP!, {r4,r5,r3,lr}
   71 0000007C E12FFF1E        BX               lr
   72 00000080         
   73 00000080         
   74 00000080         
   75 00000080         ; ***************************
   76 00000080         ; move_left
   77 00000080         ; ARGS  : NONE
   78 00000080         ; RETURN: NONE
   79 00000080         ;
   80 00000080         ; ***************************
   81 00000080         ;move the aircraft 1 unit to the left
   82 00000080         move_left
   83 00000080 E92D4038        STMFD            SP!,{r4,r5,r3,lr} ;
   84 00000084 E59F4030        ldr              r4,=current_position
   85 00000088 E5D43000        ldrb             r3,[r4]
   86 0000008C E3530001        cmp              r3,#1       ;
   87 00000090 0A000005        beq              no_left_move ;
   88 00000094 E59F4024        ldr              r4,= player1 ;
   89 00000098 E3A05020        mov              r5,#0x20    ;
   90 0000009C E7C45003        strb             r5,[r4,r3]  ;
   91 000000A0 E3A05041        mov              r5,#0x41    ;
   92 000000A4 E2433001        sub              r3,#1       ;
   93 000000A8 E7C45003        strb             r5,[r4,r3]  ;
   94 000000AC         no_left_move
   95 000000AC E59F5008        ldr              r5, =current_position
   96 000000B0 E5853000        str              r3,[r5]
   97 000000B4 E8BD4038        LDMFD            SP!, {r4,r5,r3,lr}
   98 000000B8 E12FFF1E        BX               lr
   99 000000BC         
  100 000000BC         
  101 000000BC                 END
              00000000 
              00000000 
Command Line: --debug --xref --diag_suppress=9931 --apcs=interwork --depend=.\o
bjects\player.d -o.\objects\player.o -IC:\Keil_v5\ARM\RV31\INC -IC:\Keil_v5\ARM
\CMSIS\Include -IC:\Keil_v5\ARM\INC\Philips --predefine="__EVAL SETA 1" --prede



ARM Macro Assembler    Page 3 


fine="__UVISION_VERSION SETA 524" --list=.\listings\player.lst player.s



ARM Macro Assembler    Page 1 Alphabetic symbol ordering
Relocatable symbols

current_position 0000001C

Symbol: current_position
   Definitions
      At line 17 in file player.s
   Uses
      At line 11 in file player.s
      At line 29 in file player.s
      At line 56 in file player.s
      At line 66 in file player.s
      At line 84 in file player.s
      At line 95 in file player.s

move_left 00000080

Symbol: move_left
   Definitions
      At line 82 in file player.s
   Uses
      At line 10 in file player.s
Comment: move_left used once
move_right 00000044

Symbol: move_right
   Definitions
      At line 54 in file player.s
   Uses
      At line 8 in file player.s
Comment: move_right used once
no_left_move 000000AC

Symbol: no_left_move
   Definitions
      At line 94 in file player.s
   Uses
      At line 87 in file player.s
Comment: no_left_move used once
no_right_move 00000078

Symbol: no_right_move
   Definitions
      At line 68 in file player.s
   Uses
      At line 59 in file player.s
Comment: no_right_move used once
player 00000000

Symbol: player
   Definitions
      At line 1 in file player.s
   Uses
      None
Comment: player unused
player1 00000000

Symbol: player1
   Definitions
      At line 13 in file player.s
   Uses



ARM Macro Assembler    Page 2 Alphabetic symbol ordering
Relocatable symbols

      At line 12 in file player.s
      At line 41 in file player.s
      At line 60 in file player.s
      At line 88 in file player.s

player_setup 00000020

Symbol: player_setup
   Definitions
      At line 27 in file player.s
   Uses
      At line 9 in file player.s
Comment: player_setup used once
spawn_player 00000030

Symbol: spawn_player
   Definitions
      At line 39 in file player.s
   Uses
      At line 7 in file player.s
Comment: spawn_player used once
9 symbols



ARM Macro Assembler    Page 1 Alphabetic symbol ordering
External symbols

RPG_WHITE 00000000

Symbol: RPG_WHITE
   Definitions
      At line 6 in file player.s
   Uses
      None
Comment: RPG_WHITE unused
output_character 00000000

Symbol: output_character
   Definitions
      At line 3 in file player.s
   Uses
      None
Comment: output_character unused
output_string 00000000

Symbol: output_string
   Definitions
      At line 5 in file player.s
   Uses
      At line 42 in file player.s
Comment: output_string used once
read_character 00000000

Symbol: read_character
   Definitions
      At line 2 in file player.s
   Uses
      None
Comment: read_character unused
read_string 00000000

Symbol: read_string
   Definitions
      At line 4 in file player.s
   Uses
      None
Comment: read_string unused
5 symbols
348 symbols in table
