


ARM Macro Assembler    Page 1 


    1 00000000                 AREA             MOTHERSHIP,CODE, READWRITE
    2 00000000         
    3 00000000                 extern           Initial_board
    4 00000000                 EXPORT           MOTHERLEFT
    5 00000000                 EXPORT           MOTHERRIGHT
    6 00000000                 EXPORT           mothermoving
    7 00000000         
    8 00000000         
    9 00000000         
   10 00000000         
   11 00000000 1C      motherpos
                               =                28
   12 00000001 00 00 00        ALIGN
   13 00000004 00      mothermoving
                               =                0x00
   14 00000005 00 00 00        ALIGN
   15 00000008         
   16 00000008         MOTHERLEFT
   17 00000008 E92D4078        STMFD            SP!,{r3-r6,LR}
   18 0000000C         
   19 0000000C E59F3124        LDR              R3,=mothermoving
   20 00000010 E3A04001        mov              r4,1
   21 00000014 E5C34000        strb             r4,[r3]
   22 00000018 E3540000        CMP              R4,#0
   23 0000001C 0AFFFFFE        BEQ              MOTHERRIGHT
   24 00000020         
   25 00000020 E59F4114        ldr              r4,=Initial_board
   26 00000024 E59F3114        ldr              r3,=motherpos
   27 00000028 E5D36000        ldrb             r6,[r3]
   28 0000002C E356002E        cmp              r6,#46
   29 00000030 0A00000A        beq              doneleft
   30 00000034 E356001C        cmp              r6,#28
   31 00000038 0A000013        beq              spwanmotherleft
   32 0000003C E2466001        sub              r6,#1
   33 00000040 E7D45006        ldrb             r5,[r4,r6]
   34 00000044 E2866001        add              r6,#1
   35 00000048 E7C45006        strb             r5,[r4,r6]
   36 0000004C E2866001        add              r6,#1
   37 00000050 E5C36000        strb             r6,[r3]
   38 00000054 E3A05020        mov              r5,0x20
   39 00000058 E2466002        sub              r6,#2
   40 0000005C E7C45006        strb             r5,[r4,r6]
   41 00000060         doneleft
   42 00000060 059F30D0        ldreq            r3,=mothermoving
   43 00000064 03A04000        moveq            r4,0
   44 00000068 05C34000        strbeq           r4,[r3]
   45 0000006C E59F40C8        ldr              r4,=Initial_board
   46 00000070         
   47 00000070 02466001        subeq            R6,#1
   48 00000074 07D45006        ldrbeq           r5,[r4,r6]
   49 00000078 E3550058        cmp              r5,#0x58
   50 0000007C 03A05020        moveq            r5,#0x20
   51 00000080 07C45006        strbeq           r5,[r4,r6]
   52 00000084         
   53 00000084 E8BD4078        LDMFD            SP!,{r3-r6,LR}
   54 00000088 E12FFF1E        BX               LR
   55 0000008C         
   56 0000008C         
   57 0000008C         spwanmotherleft



ARM Macro Assembler    Page 2 


   58 0000008C E3A05058        mov              r5,0x58
   59 00000090 E7C45006        strb             r5,[r4,r6]
   60 00000094 E2866001        add              r6,#1
   61 00000098 E5C36000        strb             r6,[r3]
   62 0000009C E8BD4078        LDMFD            SP!,{r3-r6,LR}
   63 000000A0 E12FFF1E        BX               LR
   64 000000A4         
   65 000000A4         
   66 000000A4         MOTHERRIGHT
   67 000000A4 E92D4078        STMFD            SP!,{r3-r6,LR}
   68 000000A8 E59F3088        LDR              R3,=mothermoving
   69 000000AC E3A04000        mov              r4,#0
   70 000000B0 E5C34000        strb             r4,[r3]
   71 000000B4         
   72 000000B4         
   73 000000B4 E59F4080        ldr              r4,=Initial_board
   74 000000B8 E59F3080        ldr              r3,=motherpos
   75 000000BC E5D36000        ldrb             r6,[r3]
   76 000000C0 E356001C        cmp              r6,#28
   77 000000C4 0A00000A        beq              doneRIGHT
   78 000000C8 E356002E        cmp              r6,#46
   79 000000CC 0A000013        beq              spwanmotherRIGHT
   80 000000D0 E2866001        add              r6,#1
   81 000000D4 E7D45006        ldrb             r5,[r4,r6]
   82 000000D8 E2466001        sub              r6,#1
   83 000000DC E7C45006        strb             r5,[r4,r6]
   84 000000E0 E2466001        sub              r6,#1
   85 000000E4 E5C36000        strb             r6,[r3]
   86 000000E8 E3A05020        mov              r5,0x20
   87 000000EC E2866002        add              r6,#2
   88 000000F0 E7C45006        strb             r5,[r4,r6]
   89 000000F4         doneRIGHT
   90 000000F4 059F303C        ldreq            r3,=mothermoving
   91 000000F8 03A04001        moveq            r4,1
   92 000000FC 05C34000        strbeq           r4,[r3]
   93 00000100 E59F4034        ldr              r4,=Initial_board
   94 00000104         
   95 00000104 02866001        addeq            R6,#1
   96 00000108         
   97 00000108 07D45006        ldrbeq           r5,[r4,r6]
   98 0000010C E3550058        cmp              r5,#0x58
   99 00000110 03A05020        moveq            r5,#0x20
  100 00000114 07C45006        strbeq           r5,[r4,r6]
  101 00000118 E8BD4078        LDMFD            SP!,{r3-r6,LR}
  102 0000011C E12FFF1E        BX               LR
  103 00000120         
  104 00000120         spwanmotherRIGHT
  105 00000120         
  106 00000120         
  107 00000120 E3A05058        mov              r5,0x58
  108 00000124 E7C45006        strb             r5,[r4,r6]
  109 00000128 E2466001        SUB              r6,#1
  110 0000012C E5C36000        strb             r6,[r3]
  111 00000130 E8BD4078        LDMFD            SP!,{r3-r6,LR}
  112 00000134 E12FFF1E        BX               LR
  113 00000138         
  114 00000138                 END
              00000000 
              00000000 



ARM Macro Assembler    Page 3 


              00000000 
Command Line: --debug --xref --diag_suppress=9931 --apcs=interwork --depend=.\o
bjects\mothership.d -o.\objects\mothership.o -IC:\Keil_v5\ARM\RV31\INC -IC:\Kei
l_v5\ARM\CMSIS\Include -IC:\Keil_v5\ARM\INC\Philips --predefine="__EVAL SETA 1"
 --predefine="__UVISION_VERSION SETA 524" --list=.\listings\mothership.lst moth
ership.s



ARM Macro Assembler    Page 1 Alphabetic symbol ordering
Relocatable symbols

MOTHERLEFT 00000008

Symbol: MOTHERLEFT
   Definitions
      At line 16 in file mothership.s
   Uses
      At line 4 in file mothership.s
Comment: MOTHERLEFT used once
MOTHERRIGHT 000000A4

Symbol: MOTHERRIGHT
   Definitions
      At line 66 in file mothership.s
   Uses
      At line 5 in file mothership.s
      At line 23 in file mothership.s

MOTHERSHIP 00000000

Symbol: MOTHERSHIP
   Definitions
      At line 1 in file mothership.s
   Uses
      None
Comment: MOTHERSHIP unused
doneRIGHT 000000F4

Symbol: doneRIGHT
   Definitions
      At line 89 in file mothership.s
   Uses
      At line 77 in file mothership.s
Comment: doneRIGHT used once
doneleft 00000060

Symbol: doneleft
   Definitions
      At line 41 in file mothership.s
   Uses
      At line 29 in file mothership.s
Comment: doneleft used once
mothermoving 00000004

Symbol: mothermoving
   Definitions
      At line 13 in file mothership.s
   Uses
      At line 6 in file mothership.s
      At line 19 in file mothership.s
      At line 42 in file mothership.s
      At line 68 in file mothership.s
      At line 90 in file mothership.s

motherpos 00000000

Symbol: motherpos
   Definitions
      At line 11 in file mothership.s
   Uses



ARM Macro Assembler    Page 2 Alphabetic symbol ordering
Relocatable symbols

      At line 26 in file mothership.s
      At line 74 in file mothership.s

spwanmotherRIGHT 00000120

Symbol: spwanmotherRIGHT
   Definitions
      At line 104 in file mothership.s
   Uses
      At line 79 in file mothership.s
Comment: spwanmotherRIGHT used once
spwanmotherleft 0000008C

Symbol: spwanmotherleft
   Definitions
      At line 57 in file mothership.s
   Uses
      At line 31 in file mothership.s
Comment: spwanmotherleft used once
9 symbols



ARM Macro Assembler    Page 1 Alphabetic symbol ordering
External symbols

Initial_board 00000000

Symbol: Initial_board
   Definitions
      At line 3 in file mothership.s
   Uses
      At line 25 in file mothership.s
      At line 45 in file mothership.s
      At line 73 in file mothership.s
      At line 93 in file mothership.s

1 symbol
344 symbols in table
